[INFO  - 2017-10-02T21:45:51.032Z] GhostDriver - Main - running on port 45826
[INFO  - 2017-10-02T21:45:51.386Z] Session [0f331b60-a7bb-11e7-805f-6b89b0cf930e] - page.settings - {"XSSAuditingEnabled":false,"javascriptCanCloseWindows":true,"javascriptCanOpenWindows":true,"javascriptEnabled":true,"loadImages":false,"localToRemoteUrlAccessEnabled":false,"userAgent":"Mozilla/5.0 (Windows NT 6.1; WOW64) AppleWebKit/537.36 (KHTML, like Gecko) Chrome/60.0.3112.101 Safari/537.36","webSecurityEnabled":false}
[INFO  - 2017-10-02T21:45:51.386Z] Session [0f331b60-a7bb-11e7-805f-6b89b0cf930e] - page.customHeaders:  - {}
[INFO  - 2017-10-02T21:45:51.386Z] Session [0f331b60-a7bb-11e7-805f-6b89b0cf930e] - Session.negotiatedCapabilities - {"browserName":"phantomjs","version":"2.1.1","driverName":"ghostdriver","driverVersion":"1.2.0","platform":"windows-7-32bit","javascriptEnabled":true,"takesScreenshot":true,"handlesAlerts":false,"databaseEnabled":false,"locationContextEnabled":false,"applicationCacheEnabled":false,"browserConnectionEnabled":false,"cssSelectorsEnabled":true,"webStorageEnabled":false,"rotatable":false,"acceptSslCerts":false,"nativeEvents":true,"proxy":{"proxyType":"direct"},"phantomjs.page.settings.browserConnectionEnabled":true,"phantomjs.page.settings.cssSelectorsEnabled":true,"phantomjs.page.settings.userAgent":"Mozilla/5.0 (Windows NT 6.1; WOW64) AppleWebKit/537.36 (KHTML, like Gecko) Chrome/60.0.3112.101 Safari/537.36","phantomjs.page.settings.loadImages":false}
[INFO  - 2017-10-02T21:45:51.386Z] SessionManagerReqHand - _postNewSessionCommand - New Session Created: 0f331b60-a7bb-11e7-805f-6b89b0cf930e
[INFO  - 2017-10-02T21:46:59.970Z] GhostDriver - Main - running on port 41562
[INFO  - 2017-10-02T21:47:00.292Z] Session [38455400-a7bb-11e7-a25f-632239749770] - page.settings - {"XSSAuditingEnabled":false,"javascriptCanCloseWindows":true,"javascriptCanOpenWindows":true,"javascriptEnabled":true,"loadImages":false,"localToRemoteUrlAccessEnabled":false,"userAgent":"Mozilla/5.0 (Windows NT 6.1; WOW64) AppleWebKit/537.36 (KHTML, like Gecko) Chrome/60.0.3112.101 Safari/537.36","webSecurityEnabled":false}
[INFO  - 2017-10-02T21:47:00.292Z] Session [38455400-a7bb-11e7-a25f-632239749770] - page.customHeaders:  - {}
[INFO  - 2017-10-02T21:47:00.292Z] Session [38455400-a7bb-11e7-a25f-632239749770] - Session.negotiatedCapabilities - {"browserName":"phantomjs","version":"2.1.1","driverName":"ghostdriver","driverVersion":"1.2.0","platform":"windows-7-32bit","javascriptEnabled":true,"takesScreenshot":true,"handlesAlerts":false,"databaseEnabled":false,"locationContextEnabled":false,"applicationCacheEnabled":false,"browserConnectionEnabled":false,"cssSelectorsEnabled":true,"webStorageEnabled":false,"rotatable":false,"acceptSslCerts":false,"nativeEvents":true,"proxy":{"proxyType":"direct"},"phantomjs.page.settings.browserConnectionEnabled":true,"phantomjs.page.settings.cssSelectorsEnabled":true,"phantomjs.page.settings.userAgent":"Mozilla/5.0 (Windows NT 6.1; WOW64) AppleWebKit/537.36 (KHTML, like Gecko) Chrome/60.0.3112.101 Safari/537.36","phantomjs.page.settings.loadImages":false}
[INFO  - 2017-10-02T21:47:00.292Z] SessionManagerReqHand - _postNewSessionCommand - New Session Created: 38455400-a7bb-11e7-a25f-632239749770
[INFO  - 2017-10-02T21:47:32.282Z] GhostDriver - Main - running on port 32100
[INFO  - 2017-10-02T21:47:32.626Z] Session [4b8b1ae0-a7bb-11e7-be03-55f2bf2362a2] - page.settings - {"XSSAuditingEnabled":false,"javascriptCanCloseWindows":true,"javascriptCanOpenWindows":true,"javascriptEnabled":true,"loadImages":false,"localToRemoteUrlAccessEnabled":false,"userAgent":"Mozilla/5.0 (Windows NT 6.1; WOW64) AppleWebKit/537.36 (KHTML, like Gecko) Chrome/60.0.3112.101 Safari/537.36","webSecurityEnabled":false}
[INFO  - 2017-10-02T21:47:32.626Z] Session [4b8b1ae0-a7bb-11e7-be03-55f2bf2362a2] - page.customHeaders:  - {}
[INFO  - 2017-10-02T21:47:32.626Z] Session [4b8b1ae0-a7bb-11e7-be03-55f2bf2362a2] - Session.negotiatedCapabilities - {"browserName":"phantomjs","version":"2.1.1","driverName":"ghostdriver","driverVersion":"1.2.0","platform":"windows-7-32bit","javascriptEnabled":true,"takesScreenshot":true,"handlesAlerts":false,"databaseEnabled":false,"locationContextEnabled":false,"applicationCacheEnabled":false,"browserConnectionEnabled":false,"cssSelectorsEnabled":true,"webStorageEnabled":false,"rotatable":false,"acceptSslCerts":false,"nativeEvents":true,"proxy":{"proxyType":"direct"},"phantomjs.page.settings.browserConnectionEnabled":true,"phantomjs.page.settings.cssSelectorsEnabled":true,"phantomjs.page.settings.userAgent":"Mozilla/5.0 (Windows NT 6.1; WOW64) AppleWebKit/537.36 (KHTML, like Gecko) Chrome/60.0.3112.101 Safari/537.36","phantomjs.page.settings.loadImages":false}
[INFO  - 2017-10-02T21:47:32.627Z] SessionManagerReqHand - _postNewSessionCommand - New Session Created: 4b8b1ae0-a7bb-11e7-be03-55f2bf2362a2
[INFO  - 2017-10-02T21:48:05.806Z] GhostDriver - Main - running on port 38126
[INFO  - 2017-10-02T21:48:06.153Z] Session [5f86eb50-a7bb-11e7-8774-23638b84f306] - page.settings - {"XSSAuditingEnabled":false,"javascriptCanCloseWindows":true,"javascriptCanOpenWindows":true,"javascriptEnabled":true,"loadImages":false,"localToRemoteUrlAccessEnabled":false,"userAgent":"Mozilla/5.0 (Windows NT 6.1; WOW64) AppleWebKit/537.36 (KHTML, like Gecko) Chrome/60.0.3112.101 Safari/537.36","webSecurityEnabled":false}
[INFO  - 2017-10-02T21:48:06.153Z] Session [5f86eb50-a7bb-11e7-8774-23638b84f306] - page.customHeaders:  - {}
[INFO  - 2017-10-02T21:48:06.153Z] Session [5f86eb50-a7bb-11e7-8774-23638b84f306] - Session.negotiatedCapabilities - {"browserName":"phantomjs","version":"2.1.1","driverName":"ghostdriver","driverVersion":"1.2.0","platform":"windows-7-32bit","javascriptEnabled":true,"takesScreenshot":true,"handlesAlerts":false,"databaseEnabled":false,"locationContextEnabled":false,"applicationCacheEnabled":false,"browserConnectionEnabled":false,"cssSelectorsEnabled":true,"webStorageEnabled":false,"rotatable":false,"acceptSslCerts":false,"nativeEvents":true,"proxy":{"proxyType":"direct"},"phantomjs.page.settings.browserConnectionEnabled":true,"phantomjs.page.settings.cssSelectorsEnabled":true,"phantomjs.page.settings.userAgent":"Mozilla/5.0 (Windows NT 6.1; WOW64) AppleWebKit/537.36 (KHTML, like Gecko) Chrome/60.0.3112.101 Safari/537.36","phantomjs.page.settings.loadImages":false}
[INFO  - 2017-10-02T21:48:06.153Z] SessionManagerReqHand - _postNewSessionCommand - New Session Created: 5f86eb50-a7bb-11e7-8774-23638b84f306
[INFO  - 2017-10-02T21:49:05.443Z] GhostDriver - Main - running on port 3371
[INFO  - 2017-10-02T21:49:05.780Z] Session [83114700-a7bb-11e7-9ee6-578fffe04e2a] - page.settings - {"XSSAuditingEnabled":false,"javascriptCanCloseWindows":true,"javascriptCanOpenWindows":true,"javascriptEnabled":true,"loadImages":false,"localToRemoteUrlAccessEnabled":false,"userAgent":"Mozilla/5.0 (Windows NT 6.1; WOW64) AppleWebKit/537.36 (KHTML, like Gecko) Chrome/60.0.3112.101 Safari/537.36","webSecurityEnabled":false}
[INFO  - 2017-10-02T21:49:05.780Z] Session [83114700-a7bb-11e7-9ee6-578fffe04e2a] - page.customHeaders:  - {}
[INFO  - 2017-10-02T21:49:05.780Z] Session [83114700-a7bb-11e7-9ee6-578fffe04e2a] - Session.negotiatedCapabilities - {"browserName":"phantomjs","version":"2.1.1","driverName":"ghostdriver","driverVersion":"1.2.0","platform":"windows-7-32bit","javascriptEnabled":true,"takesScreenshot":true,"handlesAlerts":false,"databaseEnabled":false,"locationContextEnabled":false,"applicationCacheEnabled":false,"browserConnectionEnabled":false,"cssSelectorsEnabled":true,"webStorageEnabled":false,"rotatable":false,"acceptSslCerts":false,"nativeEvents":true,"proxy":{"proxyType":"direct"},"phantomjs.page.settings.browserConnectionEnabled":true,"phantomjs.page.settings.cssSelectorsEnabled":true,"phantomjs.page.settings.userAgent":"Mozilla/5.0 (Windows NT 6.1; WOW64) AppleWebKit/537.36 (KHTML, like Gecko) Chrome/60.0.3112.101 Safari/537.36","phantomjs.page.settings.loadImages":false}
[INFO  - 2017-10-02T21:49:05.780Z] SessionManagerReqHand - _postNewSessionCommand - New Session Created: 83114700-a7bb-11e7-9ee6-578fffe04e2a
[INFO  - 2017-10-02T21:54:05.776Z] SessionManagerReqHand - _cleanupWindowlessSessions - Asynchronous Sessions clean-up phase starting NOW
xy.DefaultRemoteProxy","version":"","logFile":"C:\\projects\\java\\spiderSina\\phantomjsdriver.log","logLevel":"DEBUG","logColor":false}
[INFO  - 2017-10-02T21:49:27.472Z] GhostDriver - Main - running on port 6632
[DEBUG - 2017-10-02T21:49:27.700Z] RouterReqHand - _handle - {"headers":{"Accept":"text/html, image/gif, image/jpeg, *; q=.2, */*; q=.2","Connection":"keep-alive","Host":"localhost:6632","User-Agent":"Java/1.8.0_131"},"httpVersion":"1.1","method":"GET","url":"/status","urlParsed":{"anchor":"","query":"","file":"status","directory":"/","path":"/status","relative":"/status","port":"","host":"","password":"","user":"","userInfo":"","authority":"","protocol":"","source":"/status","queryKey":{},"chunks":["status"]}}
[DEBUG - 2017-10-02T21:49:27.809Z] RouterReqHand - _handle - {"headers":{"Accept-Encoding":"gzip,deflate","Connection":"Keep-Alive","Content-Length":"1619","Content-Type":"application/json; charset=utf-8","Host":"localhost:6632","User-Agent":"Apache-HttpClient/4.5.3 (Java/1.8.0_131)"},"httpVersion":"1.1","method":"POST","post":"{\n  \"desiredCapabilities\": {\n    \"phantomjs.page.settings.browserConnectionEnabled\": true,\n    \"phantomjs.binary.path\": \"C:\\\\Program Files\\\\phantomjs-2.1.1-windows\\\\bin\\\\phantomjs.exe\",\n    \"phantomjs.page.settings.cssSelectorsEnabled\": true,\n    \"phantomjs.page.settings.userAgent\": \"Mozilla/5.0 (Windows NT 6.1; WOW64) AppleWebKit/537.36 (KHTML, like Gecko) Chrome/60.0.3112.101 Safari/537.36\",\n    \"takesScreenshot\": true,\n    \"javascriptEnabled\": true,\n    \"phantomjs.page.settings.loadImages\": false,\n    \"phantomjs.page.settings.\": \"Y\",\n    \"phantomjs.cli.args\": [\n      \"--web-security\\u003dfalse\",\n      \"--ssl-protocol\\u003dany\",\n      \"--ignore-ssl-errors\\u003dtrue\",\n      \"--webdriver-loglevel\\u003dDEBUG\"\n    ]\n  },\n  \"requiredCapabilities\": {},\n  \"capabilities\": {\n    \"desiredCapabilities\": {\n      \"phantomjs.page.settings.browserConnectionEnabled\": true,\n      \"phantomjs.binary.path\": \"C:\\\\Program Files\\\\phantomjs-2.1.1-windows\\\\bin\\\\phantomjs.exe\",\n      \"phantomjs.page.settings.cssSelectorsEnabled\": true,\n      \"phantomjs.page.settings.userAgent\": \"Mozilla/5.0 (Windows NT 6.1; WOW64) AppleWebKit/537.36 (KHTML, like Gecko) Chrome/60.0.3112.101 Safari/537.36\",\n      \"takesScreenshot\": true,\n      \"javascriptEnabled\": true,\n      \"phantomjs.page.settings.loadImages\": false,\n      \"phantomjs.page.settings.\": \"Y\",\n      \"phantomjs.cli.args\": [\n        \"--web-security\\u003dfalse\",\n        \"--ssl-protocol\\u003dany\",\n        \"--ignore-ssl-errors\\u003dtrue\",\n        \"--webdriver-loglevel\\u003dDEBUG\"\n      ]\n    },\n    \"requiredCapabilities\": {},\n    \"alwaysMatch\": {},\n    \"firstMatch\": []\n  }\n}","url":"/session","urlParsed":{"anchor":"","query":"","file":"session","directory":"/","path":"/session","relative":"/session","port":"","host":"","password":"","user":"","userInfo":"","authority":"","protocol":"","source":"/session","queryKey":{},"chunks":["session"]}}
[INFO  - 2017-10-02T21:49:27.816Z] Session [9033b440-a7bb-11e7-b9aa-93bdde41ad0e] - page.settings - {"XSSAuditingEnabled":false,"javascriptCanCloseWindows":true,"javascriptCanOpenWindows":true,"javascriptEnabled":true,"loadImages":false,"localToRemoteUrlAccessEnabled":false,"userAgent":"Mozilla/5.0 (Windows NT 6.1; WOW64) AppleWebKit/537.36 (KHTML, like Gecko) Chrome/60.0.3112.101 Safari/537.36","webSecurityEnabled":false}
[INFO  - 2017-10-02T21:49:27.816Z] Session [9033b440-a7bb-11e7-b9aa-93bdde41ad0e] - page.customHeaders:  - {}
[DEBUG - 2017-10-02T21:49:27.816Z] Session [9033b440-a7bb-11e7-b9aa-93bdde41ad0e] - Session.desiredCapabilities - {"phantomjs.page.settings.browserConnectionEnabled":true,"phantomjs.binary.path":"C:\\Program Files\\phantomjs-2.1.1-windows\\bin\\phantomjs.exe","phantomjs.page.settings.cssSelectorsEnabled":true,"phantomjs.page.settings.userAgent":"Mozilla/5.0 (Windows NT 6.1; WOW64) AppleWebKit/537.36 (KHTML, like Gecko) Chrome/60.0.3112.101 Safari/537.36","takesScreenshot":true,"javascriptEnabled":true,"phantomjs.page.settings.loadImages":false,"phantomjs.page.settings.":"Y","phantomjs.cli.args":["--web-security=false","--ssl-protocol=any","--ignore-ssl-errors=true","--webdriver-loglevel=DEBUG"]}
[INFO  - 2017-10-02T21:49:27.816Z] Session [9033b440-a7bb-11e7-b9aa-93bdde41ad0e] - Session.negotiatedCapabilities - {"browserName":"phantomjs","version":"2.1.1","driverName":"ghostdriver","driverVersion":"1.2.0","platform":"windows-7-32bit","javascriptEnabled":true,"takesScreenshot":true,"handlesAlerts":false,"databaseEnabled":false,"locationContextEnabled":false,"applicationCacheEnabled":false,"browserConnectionEnabled":false,"cssSelectorsEnabled":true,"webStorageEnabled":false,"rotatable":false,"acceptSslCerts":false,"nativeEvents":true,"proxy":{"proxyType":"direct"},"phantomjs.page.settings.browserConnectionEnabled":true,"phantomjs.page.settings.cssSelectorsEnabled":true,"phantomjs.page.settings.userAgent":"Mozilla/5.0 (Windows NT 6.1; WOW64) AppleWebKit/537.36 (KHTML, like Gecko) Chrome/60.0.3112.101 Safari/537.36","phantomjs.page.settings.loadImages":false}
[INFO  - 2017-10-02T21:49:27.817Z] SessionManagerReqHand - _postNewSessionCommand - New Session Created: 9033b440-a7bb-11e7-b9aa-93bdde41ad0e
[INFO  - 2017-10-02T21:54:27.836Z] SessionManagerReqHand - _cleanupWindowlessSessions - Asynchronous Sessions clean-up phase starting NOW
e7-bb56-5fdd756c3e37] - page.settings - {"XSSAuditingEnabled":false,"javascriptCanCloseWindows":true,"javascriptCanOpenWindows":true,"javascriptEnabled":true,"loadImages":false,"localToRemoteUrlAccessEnabled":false,"userAgent":"Mozilla/5.0 (Windows NT 6.1; WOW64) AppleWebKit/537.36 (KHTML, like Gecko) Chrome/60.0.3112.101 Safari/537.36","webSecurityEnabled":false}
[INFO  - 2017-10-02T21:52:07.373Z] Session [ef4e2b90-a7bb-11e7-bb56-5fdd756c3e37] - page.customHeaders:  - {}
[INFO  - 2017-10-02T21:52:07.373Z] Session [ef4e2b90-a7bb-11e7-bb56-5fdd756c3e37] - Session.negotiatedCapabilities - {"browserName":"phantomjs","version":"2.1.1","driverName":"ghostdriver","driverVersion":"1.2.0","platform":"windows-7-32bit","javascriptEnabled":true,"takesScreenshot":true,"handlesAlerts":false,"databaseEnabled":false,"locationContextEnabled":false,"applicationCacheEnabled":false,"browserConnectionEnabled":false,"cssSelectorsEnabled":true,"webStorageEnabled":false,"rotatable":false,"acceptSslCerts":false,"nativeEvents":true,"proxy":{"proxyType":"direct"},"phantomjs.page.settings.browserConnectionEnabled":true,"phantomjs.page.settings.cssSelectorsEnabled":true,"phantomjs.page.settings.userAgent":"Mozilla/5.0 (Windows NT 6.1; WOW64) AppleWebKit/537.36 (KHTML, like Gecko) Chrome/60.0.3112.101 Safari/537.36","phantomjs.page.settings.loadImages":false}
[INFO  - 2017-10-02T21:52:07.374Z] SessionManagerReqHand - _postNewSessionCommand - New Session Created: ef4e2b90-a7bb-11e7-bb56-5fdd756c3e37
[INFO  - 2017-10-02T21:52:59.058Z] GhostDriver - Main - running on port 32477
[INFO  - 2017-10-02T21:52:59.405Z] Session [0e519f90-a7bc-11e7-9eb1-6d9c27440075] - page.settings - {"XSSAuditingEnabled":false,"javascriptCanCloseWindows":true,"javascriptCanOpenWindows":true,"javascriptEnabled":true,"loadImages":false,"localToRemoteUrlAccessEnabled":false,"userAgent":"Mozilla/5.0 (Windows NT 6.1; WOW64) AppleWebKit/537.36 (KHTML, like Gecko) Chrome/60.0.3112.101 Safari/537.36","webSecurityEnabled":false}
[INFO  - 2017-10-02T21:52:59.406Z] Session [0e519f90-a7bc-11e7-9eb1-6d9c27440075] - page.customHeaders:  - {}
[INFO  - 2017-10-02T21:52:59.406Z] Session [0e519f90-a7bc-11e7-9eb1-6d9c27440075] - Session.negotiatedCapabilities - {"browserName":"phantomjs","version":"2.1.1","driverName":"ghostdriver","driverVersion":"1.2.0","platform":"windows-7-32bit","javascriptEnabled":true,"takesScreenshot":true,"handlesAlerts":false,"databaseEnabled":false,"locationContextEnabled":false,"applicationCacheEnabled":false,"browserConnectionEnabled":false,"cssSelectorsEnabled":true,"webStorageEnabled":false,"rotatable":false,"acceptSslCerts":false,"nativeEvents":true,"proxy":{"proxyType":"direct"},"phantomjs.page.settings.browserConnectionEnabled":true,"phantomjs.page.settings.cssSelectorsEnabled":true,"phantomjs.page.settings.userAgent":"Mozilla/5.0 (Windows NT 6.1; WOW64) AppleWebKit/537.36 (KHTML, like Gecko) Chrome/60.0.3112.101 Safari/537.36","phantomjs.page.settings.loadImages":false}
[INFO  - 2017-10-02T21:52:59.406Z] SessionManagerReqHand - _postNewSessionCommand - New Session Created: 0e519f90-a7bc-11e7-9eb1-6d9c27440075
[INFO  - 2017-10-02T21:53:14.485Z] GhostDriver - Main - running on port 38076
[INFO  - 2017-10-02T21:53:14.836Z] Session [17843500-a7bc-11e7-b705-1590a1c7a74d] - page.settings - {"XSSAuditingEnabled":false,"javascriptCanCloseWindows":true,"javascriptCanOpenWindows":true,"javascriptEnabled":true,"loadImages":false,"localToRemoteUrlAccessEnabled":false,"userAgent":"Mozilla/5.0 (Windows NT 6.1; WOW64) AppleWebKit/537.36 (KHTML, like Gecko) Chrome/60.0.3112.101 Safari/537.36","webSecurityEnabled":false}
[INFO  - 2017-10-02T21:53:14.836Z] Session [17843500-a7bc-11e7-b705-1590a1c7a74d] - page.customHeaders:  - {}
[INFO  - 2017-10-02T21:53:14.836Z] Session [17843500-a7bc-11e7-b705-1590a1c7a74d] - Session.negotiatedCapabilities - {"browserName":"phantomjs","version":"2.1.1","driverName":"ghostdriver","driverVersion":"1.2.0","platform":"windows-7-32bit","javascriptEnabled":true,"takesScreenshot":true,"handlesAlerts":false,"databaseEnabled":false,"locationContextEnabled":false,"applicationCacheEnabled":false,"browserConnectionEnabled":false,"cssSelectorsEnabled":true,"webStorageEnabled":false,"rotatable":false,"acceptSslCerts":false,"nativeEvents":true,"proxy":{"proxyType":"direct"},"phantomjs.page.settings.browserConnectionEnabled":true,"phantomjs.page.settings.cssSelectorsEnabled":true,"phantomjs.page.settings.userAgent":"Mozilla/5.0 (Windows NT 6.1; WOW64) AppleWebKit/537.36 (KHTML, like Gecko) Chrome/60.0.3112.101 Safari/537.36","phantomjs.page.settings.loadImages":false}
[INFO  - 2017-10-02T21:53:14.836Z] SessionManagerReqHand - _postNewSessionCommand - New Session Created: 17843500-a7bc-11e7-b705-1590a1c7a74d
[INFO  - 2017-10-02T21:54:23.485Z] GhostDriver - Main - running on port 15151
[INFO  - 2017-10-02T21:54:23.845Z] Session [40a62510-a7bc-11e7-a422-158a816f4e58] - page.settings - {"XSSAuditingEnabled":false,"javascriptCanCloseWindows":true,"javascriptCanOpenWindows":true,"javascriptEnabled":true,"loadImages":true,"localToRemoteUrlAccessEnabled":false,"userAgent":"Mozilla/5.0 (Windows NT 6.1; WOW64) AppleWebKit/538.1 (KHTML, like Gecko) PhantomJS/2.1.1 Safari/538.1","webSecurityEnabled":true}
[INFO  - 2017-10-02T21:54:23.845Z] Session [40a62510-a7bc-11e7-a422-158a816f4e58] - page.customHeaders:  - {}
[INFO  - 2017-10-02T21:54:23.845Z] Session [40a62510-a7bc-11e7-a422-158a816f4e58] - Session.negotiatedCapabilities - {"browserName":"phantomjs","version":"2.1.1","driverName":"ghostdriver","driverVersion":"1.2.0","platform":"windows-7-32bit","javascriptEnabled":true,"takesScreenshot":true,"handlesAlerts":false,"databaseEnabled":false,"locationContextEnabled":false,"applicationCacheEnabled":false,"browserConnectionEnabled":false,"cssSelectorsEnabled":true,"webStorageEnabled":false,"rotatable":false,"acceptSslCerts":false,"nativeEvents":true,"proxy":{"proxyType":"direct"}}
[INFO  - 2017-10-02T21:54:23.845Z] SessionManagerReqHand - _postNewSessionCommand - New Session Created: 40a62510-a7bc-11e7-a422-158a816f4e58
[INFO  - 2017-10-02T21:54:57.056Z] GhostDriver - Main - running on port 13001
[INFO  - 2017-10-02T21:54:57.443Z] Session [54accaf0-a7bc-11e7-b6d6-8d31a1cfec79] - page.settings - {"XSSAuditingEnabled":false,"javascriptCanCloseWindows":true,"javascriptCanOpenWindows":true,"javascriptEnabled":true,"loadImages":false,"localToRemoteUrlAccessEnabled":false,"userAgent":"Mozilla/5.0 (Windows NT 6.1; WOW64) AppleWebKit/537.36 (KHTML, like Gecko) Chrome/60.0.3112.101 Safari/537.36","webSecurityEnabled":false}
[INFO  - 2017-10-02T21:54:57.443Z] Session [54accaf0-a7bc-11e7-b6d6-8d31a1cfec79] - page.customHeaders:  - {}
[INFO  - 2017-10-02T21:54:57.443Z] Session [54accaf0-a7bc-11e7-b6d6-8d31a1cfec79] - Session.negotiatedCapabilities - {"browserName":"phantomjs","version":"2.1.1","driverName":"ghostdriver","driverVersion":"1.2.0","platform":"windows-7-32bit","javascriptEnabled":true,"takesScreenshot":true,"handlesAlerts":false,"databaseEnabled":false,"locationContextEnabled":false,"applicationCacheEnabled":false,"browserConnectionEnabled":false,"cssSelectorsEnabled":true,"webStorageEnabled":false,"rotatable":false,"acceptSslCerts":false,"nativeEvents":true,"proxy":{"proxyType":"direct"},"phantomjs.page.settings.browserConnectionEnabled":true,"phantomjs.page.settings.cssSelectorsEnabled":true,"phantomjs.page.settings.userAgent":"Mozilla/5.0 (Windows NT 6.1; WOW64) AppleWebKit/537.36 (KHTML, like Gecko) Chrome/60.0.3112.101 Safari/537.36","phantomjs.page.settings.loadImages":false}
[INFO  - 2017-10-02T21:54:57.444Z] SessionManagerReqHand - _postNewSessionCommand - New Session Created: 54accaf0-a7bc-11e7-b6d6-8d31a1cfec79
[INFO  - 2017-10-02T21:59:57.453Z] SessionManagerReqHand - _cleanupWindowlessSessions - Asynchronous Sessions clean-up phase starting NOW
[INFO  - 2017-10-02T22:04:57.453Z] SessionManagerReqHand - _cleanupWindowlessSessions - Asynchronous Sessions clean-up phase starting NOW
[INFO  - 2017-10-02T22:09:57.459Z] SessionManagerReqHand - _cleanupWindowlessSessions - Asynchronous Sessions clean-up phase starting NOW
[INFO  - 2017-10-02T22:14:57.459Z] SessionManagerReqHand - _cleanupWindowlessSessions - Asynchronous Sessions clean-up phase starting NOW
[INFO  - 2017-10-02T22:19:57.459Z] SessionManagerReqHand - _cleanupWindowlessSessions - Asynchronous Sessions clean-up phase starting NOW
[INFO  - 2017-10-02T22:24:57.459Z] SessionManagerReqHand - _cleanupWindowlessSessions - Asynchronous Sessions clean-up phase starting NOW
[INFO  - 2017-10-02T22:29:57.460Z] SessionManagerReqHand - _cleanupWindowlessSessions - Asynchronous Sessions clean-up phase starting NOW
[INFO  - 2017-10-02T22:34:57.462Z] SessionManagerReqHand - _cleanupWindowlessSessions - Asynchronous Sessions clean-up phase starting NOW
atable":false,"acceptSslCerts":false,"nativeEvents":true,"proxy":{"proxyType":"direct"},"phantomjs.page.settings.browserConnectionEnabled":true,"phantomjs.page.settings.cssSelectorsEnabled":true,"phantomjs.page.settings.userAgent":"Mozilla/5.0 (Windows NT 6.1; WOW64) AppleWebKit/537.36 (KHTML, like Gecko) Chrome/60.0.3112.101 Safari/537.36","phantomjs.page.settings.loadImages":false}
[INFO  - 2017-10-02T21:56:19.030Z] SessionManagerReqHand - _postNewSessionCommand - New Session Created: 854dfb20-a7bc-11e7-8c61-37432b615610
[INFO  - 2017-10-02T22:01:19.052Z] SessionManagerReqHand - _cleanupWindowlessSessions - Asynchronous Sessions clean-up phase starting NOW
[INFO  - 2017-10-02T22:06:19.055Z] SessionManagerReqHand - _cleanupWindowlessSessions - Asynchronous Sessions clean-up phase starting NOW
[INFO  - 2017-10-02T22:11:19.057Z] SessionManagerReqHand - _cleanupWindowlessSessions - Asynchronous Sessions clean-up phase starting NOW
[INFO  - 2017-10-02T22:16:19.058Z] SessionManagerReqHand - _cleanupWindowlessSessions - Asynchronous Sessions clean-up phase starting NOW
[INFO  - 2017-10-02T22:21:19.063Z] SessionManagerReqHand - _cleanupWindowlessSessions - Asynchronous Sessions clean-up phase starting NOW
[INFO  - 2017-10-02T22:26:19.063Z] SessionManagerReqHand - _cleanupWindowlessSessions - Asynchronous Sessions clean-up phase starting NOW
[INFO  - 2017-10-02T22:31:19.064Z] SessionManagerReqHand - _cleanupWindowlessSessions - Asynchronous Sessions clean-up phase starting NOW
[INFO  - 2017-10-02T22:36:19.066Z] SessionManagerReqHand - _cleanupWindowlessSessions - Asynchronous Sessions clean-up phase starting NOW
[INFO  - 2017-10-03T11:48:11.553Z] GhostDriver - Main - running on port 40792
[INFO  - 2017-10-03T11:48:11.885Z] Session [bbaf1680-a830-11e7-b258-49b7b691cac6] - page.settings - {"XSSAuditingEnabled":false,"javascriptCanCloseWindows":true,"javascriptCanOpenWindows":true,"javascriptEnabled":true,"loadImages":false,"localToRemoteUrlAccessEnabled":false,"userAgent":"Mozilla/5.0 (Windows NT 6.1; WOW64) AppleWebKit/537.36 (KHTML, like Gecko) Chrome/60.0.3112.101 Safari/537.36","webSecurityEnabled":false}
[INFO  - 2017-10-03T11:48:11.885Z] Session [bbaf1680-a830-11e7-b258-49b7b691cac6] - page.customHeaders:  - {}
[INFO  - 2017-10-03T11:48:11.885Z] Session [bbaf1680-a830-11e7-b258-49b7b691cac6] - Session.negotiatedCapabilities - {"browserName":"phantomjs","version":"2.1.1","driverName":"ghostdriver","driverVersion":"1.2.0","platform":"windows-7-32bit","javascriptEnabled":true,"takesScreenshot":true,"handlesAlerts":false,"databaseEnabled":false,"locationContextEnabled":false,"applicationCacheEnabled":false,"browserConnectionEnabled":false,"cssSelectorsEnabled":true,"webStorageEnabled":false,"rotatable":false,"acceptSslCerts":false,"nativeEvents":true,"proxy":{"proxyType":"direct"},"phantomjs.page.settings.browserConnectionEnabled":true,"phantomjs.page.settings.cssSelectorsEnabled":true,"phantomjs.page.settings.userAgent":"Mozilla/5.0 (Windows NT 6.1; WOW64) AppleWebKit/537.36 (KHTML, like Gecko) Chrome/60.0.3112.101 Safari/537.36","phantomjs.page.settings.loadImages":false}
[INFO  - 2017-10-03T11:48:11.885Z] SessionManagerReqHand - _postNewSessionCommand - New Session Created: bbaf1680-a830-11e7-b258-49b7b691cac6
[INFO  - 2017-10-03T11:53:11.901Z] SessionManagerReqHand - _cleanupWindowlessSessions - Asynchronous Sessions clean-up phase starting NOW
[INFO  - 2017-10-03T11:58:11.904Z] SessionManagerReqHand - _cleanupWindowlessSessions - Asynchronous Sessions clean-up phase starting NOW
[INFO  - 2017-10-03T12:03:11.910Z] SessionManagerReqHand - _cleanupWindowlessSessions - Asynchronous Sessions clean-up phase starting NOW
[INFO  - 2017-10-03T12:08:11.919Z] SessionManagerReqHand - _cleanupWindowlessSessions - Asynchronous Sessions clean-up phase starting NOW
[INFO  - 2017-10-03T12:13:11.918Z] SessionManagerReqHand - _cleanupWindowlessSessions - Asynchronous Sessions clean-up phase starting NOW
[INFO  - 2017-10-03T12:18:11.926Z] SessionManagerReqHand - _cleanupWindowlessSessions - Asynchronous Sessions clean-up phase starting NOW
[INFO  - 2017-10-03T12:23:11.927Z] SessionManagerReqHand - _cleanupWindowlessSessions - Asynchronous Sessions clean-up phase starting NOW
[INFO  - 2017-10-03T12:28:11.929Z] SessionManagerReqHand - _cleanupWindowlessSessions - Asynchronous Sessions clean-up phase starting NOW
[INFO  - 2017-10-03T12:33:11.934Z] SessionManagerReqHand - _cleanupWindowlessSessions - Asynchronous Sessions clean-up phase starting NOW
[INFO  - 2017-10-03T12:38:11.942Z] SessionManagerReqHand - _cleanupWindowlessSessions - Asynchronous Sessions clean-up phase starting NOW
[INFO  - 2017-10-03T12:43:11.948Z] SessionManagerReqHand - _cleanupWindowlessSessions - Asynchronous Sessions clean-up phase starting NOW
[INFO  - 2017-10-03T12:48:11.948Z] SessionManagerReqHand - _cleanupWindowlessSessions - Asynchronous Sessions clean-up phase starting NOW
[INFO  - 2017-10-03T12:53:11.951Z] SessionManagerReqHand - _cleanupWindowlessSessions - Asynchronous Sessions clean-up phase starting NOW
[INFO  - 2017-10-03T12:58:11.958Z] SessionManagerReqHand - _cleanupWindowlessSessions - Asynchronous Sessions clean-up phase starting NOW
[INFO  - 2017-10-03T13:03:11.964Z] SessionManagerReqHand - _cleanupWindowlessSessions - Asynchronous Sessions clean-up phase starting NOW
[INFO  - 2017-10-03T14:53:56.613Z] SessionManagerReqHand - _cleanupWindowlessSessions - Asynchronous Sessions clean-up phase starting NOW
[INFO  - 2017-10-03T14:58:56.614Z] SessionManagerReqHand - _cleanupWindowlessSessions - Asynchronous Sessions clean-up phase starting NOW
[INFO  - 2017-10-03T15:03:56.620Z] SessionManagerReqHand - _cleanupWindowlessSessions - Asynchronous Sessions clean-up phase starting NOW
[INFO  - 2017-10-03T15:08:56.623Z] SessionManagerReqHand - _cleanupWindowlessSessions - Asynchronous Sessions clean-up phase starting NOW
[INFO  - 2017-10-03T15:13:56.627Z] SessionManagerReqHand - _cleanupWindowlessSessions - Asynchronous Sessions clean-up phase starting NOW
[INFO  - 2017-10-03T15:18:56.630Z] SessionManagerReqHand - _cleanupWindowlessSessions - Asynchronous Sessions clean-up phase starting NOW
[INFO  - 2017-10-03T15:23:56.636Z] SessionManagerReqHand - _cleanupWindowlessSessions - Asynchronous Sessions clean-up phase starting NOW
[INFO  - 2017-10-03T15:28:56.638Z] SessionManagerReqHand - _cleanupWindowlessSessions - Asynchronous Sessions clean-up phase starting NOW
[INFO  - 2017-10-03T15:33:56.640Z] SessionManagerReqHand - _cleanupWindowlessSessions - Asynchronous Sessions clean-up phase starting NOW
[INFO  - 2017-10-03T15:38:56.645Z] SessionManagerReqHand - _cleanupWindowlessSessions - Asynchronous Sessions clean-up phase starting NOW
[INFO  - 2017-10-03T15:43:56.648Z] SessionManagerReqHand - _cleanupWindowlessSessions - Asynchronous Sessions clean-up phase starting NOW
[INFO  - 2017-10-03T15:48:56.656Z] SessionManagerReqHand - _cleanupWindowlessSessions - Asynchronous Sessions clean-up phase starting NOW
[INFO  - 2017-10-03T15:53:56.661Z] SessionManagerReqHand - _cleanupWindowlessSessions - Asynchronous Sessions clean-up phase starting NOW
[INFO  - 2017-10-03T15:58:56.663Z] SessionManagerReqHand - _cleanupWindowlessSessions - Asynchronous Sessions clean-up phase starting NOW
[INFO  - 2017-10-03T16:03:56.669Z] SessionManagerReqHand - _cleanupWindowlessSessions - Asynchronous Sessions clean-up phase starting NOW
[INFO  - 2017-10-03T16:08:56.671Z] SessionManagerReqHand - _cleanupWindowlessSessions - Asynchronous Sessions clean-up phase starting NOW
[INFO  - 2017-10-03T16:13:56.680Z] SessionManagerReqHand - _cleanupWindowlessSessions - Asynchronous Sessions clean-up phase starting NOW
[INFO  - 2017-10-03T16:18:56.679Z] SessionManagerReqHand - _cleanupWindowlessSessions - Asynchronous Sessions clean-up phase starting NOW
[INFO  - 2017-10-03T16:23:56.689Z] SessionManagerReqHand - _cleanupWindowlessSessions - Asynchronous Sessions clean-up phase starting NOW
[INFO  - 2017-10-03T16:28:56.689Z] SessionManagerReqHand - _cleanupWindowlessSessions - Asynchronous Sessions clean-up phase starting NOW
[INFO  - 2017-10-03T16:33:56.691Z] SessionManagerReqHand - _cleanupWindowlessSessions - Asynchronous Sessions clean-up phase starting NOW
[INFO  - 2017-10-03T16:38:56.699Z] SessionManagerReqHand - _cleanupWindowlessSessions - Asynchronous Sessions clean-up phase starting NOW
[INFO  - 2017-10-03T16:43:56.700Z] SessionManagerReqHand - _cleanupWindowlessSessions - Asynchronous Sessions clean-up phase starting NOW
[INFO  - 2017-10-03T16:48:56.705Z] SessionManagerReqHand - _cleanupWindowlessSessions - Asynchronous Sessions clean-up phase starting NOW
[INFO  - 2017-10-03T16:53:56.713Z] SessionManagerReqHand - _cleanupWindowlessSessions - Asynchronous Sessions clean-up phase starting NOW
[INFO  - 2017-10-03T16:58:56.748Z] SessionManagerReqHand - _cleanupWindowlessSessions - Asynchronous Sessions clean-up phase starting NOW
[INFO  - 2017-10-03T17:03:56.750Z] SessionManagerReqHand - _cleanupWindowlessSessions - Asynchronous Sessions clean-up phase starting NOW
[INFO  - 2017-10-03T17:08:56.755Z] SessionManagerReqHand - _cleanupWindowlessSessions - Asynchronous Sessions clean-up phase starting NOW
[INFO  - 2017-10-03T17:13:56.761Z] SessionManagerReqHand - _cleanupWindowlessSessions - Asynchronous Sessions clean-up phase starting NOW
[INFO  - 2017-10-03T17:18:56.762Z] SessionManagerReqHand - _cleanupWindowlessSessions - Asynchronous Sessions clean-up phase starting NOW
[INFO  - 2017-10-03T17:23:56.769Z] SessionManagerReqHand - _cleanupWindowlessSessions - Asynchronous Sessions clean-up phase starting NOW
[INFO  - 2017-10-03T17:28:56.769Z] SessionManagerReqHand - _cleanupWindowlessSessions - Asynchronous Sessions clean-up phase starting NOW
nd - _cleanupWindowlessSessions - Asynchronous Sessions clean-up phase starting NOW
[INFO  - 2017-10-03T16:53:56.711Z] SessionManagerReqHand - _cleanupWindowlessSessions - Asynchronous Sessions clean-up phase starting NOW
[INFO  - 2017-10-03T16:58:56.748Z] SessionManagerReqHand - _cleanupWindowlessSessions - Asynchronous Sessions clean-up phase starting NOW
[INFO  - 2017-10-03T17:03:56.750Z] SessionManagerReqHand - _cleanupWindowlessSessions - Asynchronous Sessions clean-up phase starting NOW
[INFO  - 2017-10-03T17:08:56.756Z] SessionManagerReqHand - _cleanupWindowlessSessions - Asynchronous Sessions clean-up phase starting NOW
[INFO  - 2017-10-03T17:13:56.760Z] SessionManagerReqHand - _cleanupWindowlessSessions - Asynchronous Sessions clean-up phase starting NOW
[INFO  - 2017-10-03T17:18:56.762Z] SessionManagerReqHand - _cleanupWindowlessSessions - Asynchronous Sessions clean-up phase starting NOW
[INFO  - 2017-10-03T17:23:56.769Z] SessionManagerReqHand - _cleanupWindowlessSessions - Asynchronous Sessions clean-up phase starting NOW
[INFO  - 2017-10-03T17:28:56.769Z] SessionManagerReqHand - _cleanupWindowlessSessions - Asynchronous Sessions clean-up phase starting NOW
nd - _cleanupWindowlessSessions - Asynchronous Sessions clean-up phase starting NOW
[INFO  - 2017-10-03T16:48:56.705Z] SessionManagerReqHand - _cleanupWindowlessSessions - Asynchronous Sessions clean-up phase starting NOW
[INFO  - 2017-10-03T16:53:56.711Z] SessionManagerReqHand - _cleanupWindowlessSessions - Asynchronous Sessions clean-up phase starting NOW
[INFO  - 2017-10-03T16:58:56.748Z] SessionManagerReqHand - _cleanupWindowlessSessions - Asynchronous Sessions clean-up phase starting NOW
[INFO  - 2017-10-03T17:03:56.751Z] SessionManagerReqHand - _cleanupWindowlessSessions - Asynchronous Sessions clean-up phase starting NOW
[INFO  - 2017-10-03T17:08:56.757Z] SessionManagerReqHand - _cleanupWindowlessSessions - Asynchronous Sessions clean-up phase starting NOW
[INFO  - 2017-10-03T17:13:56.761Z] SessionManagerReqHand - _cleanupWindowlessSessions - Asynchronous Sessions clean-up phase starting NOW
[INFO  - 2017-10-03T17:18:56.762Z] SessionManagerReqHand - _cleanupWindowlessSessions - Asynchronous Sessions clean-up phase starting NOW
[INFO  - 2017-10-03T17:23:56.770Z] SessionManagerReqHand - _cleanupWindowlessSessions - Asynchronous Sessions clean-up phase starting NOW
[INFO  - 2017-10-03T17:28:56.770Z] SessionManagerReqHand - _cleanupWindowlessSessions - Asynchronous Sessions clean-up phase starting NOW
nd - _cleanupWindowlessSessions - Asynchronous Sessions clean-up phase starting NOW
[INFO  - 2017-10-03T16:48:56.706Z] SessionManagerReqHand - _cleanupWindowlessSessions - Asynchronous Sessions clean-up phase starting NOW
[INFO  - 2017-10-03T16:53:56.711Z] SessionManagerReqHand - _cleanupWindowlessSessions - Asynchronous Sessions clean-up phase starting NOW
[INFO  - 2017-10-03T16:58:56.748Z] SessionManagerReqHand - _cleanupWindowlessSessions - Asynchronous Sessions clean-up phase starting NOW
[INFO  - 2017-10-03T17:03:56.751Z] SessionManagerReqHand - _cleanupWindowlessSessions - Asynchronous Sessions clean-up phase starting NOW
[INFO  - 2017-10-03T17:08:56.757Z] SessionManagerReqHand - _cleanupWindowlessSessions - Asynchronous Sessions clean-up phase starting NOW
[INFO  - 2017-10-03T17:13:56.760Z] SessionManagerReqHand - _cleanupWindowlessSessions - Asynchronous Sessions clean-up phase starting NOW
[INFO  - 2017-10-03T17:18:56.763Z] SessionManagerReqHand - _cleanupWindowlessSessions - Asynchronous Sessions clean-up phase starting NOW
[INFO  - 2017-10-03T17:23:56.770Z] SessionManagerReqHand - _cleanupWindowlessSessions - Asynchronous Sessions clean-up phase starting NOW
[INFO  - 2017-10-03T17:28:56.770Z] SessionManagerReqHand - _cleanupWindowlessSessions - Asynchronous Sessions clean-up phase starting NOW
[INFO  - 2017-10-03T19:55:11.604Z] GhostDriver - Main - running on port 44600
[INFO  - 2017-10-03T19:55:11.977Z] Session [c4377150-a874-11e7-9568-73724b343757] - page.settings - {"XSSAuditingEnabled":false,"javascriptCanCloseWindows":true,"javascriptCanOpenWindows":true,"javascriptEnabled":true,"loadImages":true,"localToRemoteUrlAccessEnabled":false,"userAgent":"Mozilla/5.0 (Windows NT 6.1; WOW64) AppleWebKit/538.1 (KHTML, like Gecko) PhantomJS/2.1.1 Safari/538.1","webSecurityEnabled":true}
[INFO  - 2017-10-03T19:55:11.977Z] Session [c4377150-a874-11e7-9568-73724b343757] - page.customHeaders:  - {}
[INFO  - 2017-10-03T19:55:11.978Z] Session [c4377150-a874-11e7-9568-73724b343757] - Session.negotiatedCapabilities - {"browserName":"phantomjs","version":"2.1.1","driverName":"ghostdriver","driverVersion":"1.2.0","platform":"windows-7-32bit","javascriptEnabled":true,"takesScreenshot":true,"handlesAlerts":false,"databaseEnabled":false,"locationContextEnabled":false,"applicationCacheEnabled":false,"browserConnectionEnabled":false,"cssSelectorsEnabled":true,"webStorageEnabled":false,"rotatable":false,"acceptSslCerts":false,"nativeEvents":true,"proxy":{"proxyType":"direct"}}
[INFO  - 2017-10-03T19:55:11.978Z] SessionManagerReqHand - _postNewSessionCommand - New Session Created: c4377150-a874-11e7-9568-73724b343757
[INFO  - 2017-10-03T20:00:11.997Z] SessionManagerReqHand - _cleanupWindowlessSessions - Asynchronous Sessions clean-up phase starting NOW
[INFO  - 2017-10-03T20:05:12.003Z] SessionManagerReqHand - _cleanupWindowlessSessions - Asynchronous Sessions clean-up phase starting NOW
